
================================================================
======== FXServer Starting - 12/31/2024, 11:12:20 PM            
================================================================
[           resources] Scanning resources.
[           resources] Found 25 resources.
[          svadhesive] Authenticating server license key...
[          svadhesive] Server license key authentication succeeded. Welcome!
[    c-scripting-core] Creating script environments for sessionmanager
[           resources] Started resource sessionmanager
[    c-scripting-core] Creating script environments for monitor
[      script:monitor] [txAdmin] Resource v6.0.2 threads and commands set up. All Ready.
[           resources] Started resource monitor
[    c-scripting-core] Creating script environments for mapmanager
[           resources] Started resource mapmanager
[    c-scripting-core] Creating script environments for chat
[           resources] Started resource chat
[           resources] Started resource spawnmanager
[   script:mapmanager] Started gametype Freeroam
[           resources] Started resource basic-gamemode
[    c-scripting-core] Creating script environments for hardcap
[           resources] Started resource hardcap
[   script:mapmanager] Started map fivem-map-skater
[           resources] Started resource fivem-map-skater
[ citizen-server-impl]         fff                          
[ citizen-server-impl]   cccc ff   xx  xx     rr rr    eee  
[ citizen-server-impl] cc     ffff   xx       rrr  r ee   e 
[ citizen-server-impl] cc     ff     xx   ... rr     eeeee  
[ citizen-server-impl]  ccccc ff   xx  xx ... rr      eeeee 
[ citizen-server-impl]                                      
[ citizen-server-impl] Authenticated with cfx.re Nucleus: https://realkeemoutside-ebl8ra.users.cfx.re/
> txaEvent "serverShuttingDown" "{＂delay＂:5000,＂author＂:＂RealKeemOutside＂,＂message＂:＂Server restarting (requested by RealKeemOutside).＂}"
[      script:monitor] [txAdmin] Server shutdown imminent. Kicking all players.

================================================================
======== FXServer Starting - 12/31/2024, 11:12:32 PM            
================================================================
[           resources] Scanning resources.
[           resources] [0mFound 25 resources.
[          svadhesive] Authenticating server license key...
[          svadhesive] Server license key authentication succeeded. Welcome!
[    c-scripting-core] Creating script environments for sessionmanager
[           resources] Started resource sessionmanager
[    c-scripting-core] Creating script environments for monitor
[38;5;84m[      script:monitor] [txAdmin][97m Resource v6.0.2 threads and commands set up. All Ready.
[           resources] Started resource monitor
[    c-scripting-core] Creating script environments for mapmanager
[           resources] Started resource mapmanager
[    c-scripting-core] Creating script environments for chat
[           resources] Started resource chat
[           resources] Started resource spawnmanager
[   script:mapmanager] Started gametype Freeroam
[           resources] Started resource basic-gamemode
[    c-scripting-core] Creating script environments for hardcap
[           resources] Started resource hardcap
[   script:mapmanager] Started map fivem-map-skater
[           resources] Started resource fivem-map-skater
[ citizen-server-impl]         fff                          
[ citizen-server-impl]   cccc ff   xx  xx     rr rr    eee  
[ citizen-server-impl] cc     ffff   xx       rrr  r ee   e 
[ citizen-server-impl] cc     ff     xx   ... rr     eeeee  
[ citizen-server-impl]  ccccc ff   xx  xx ... rr      eeeee 
[ citizen-server-impl]                                      
[ citizen-server-impl] Authenticated with cfx.re Nucleus: https://realkeemoutside-ebl8ra.users.cfx.re/
[ citizen-server-impl] sync thread hitch warning: timer interval of 101 milliseconds
[ citizen-server-impl] sync thread hitch warning: timer interval of 113 milliseconds
[ citizen-server-impl] sync thread hitch warning: timer interval of 107 milliseconds
[ citizen-server-impl] server thread hitch warning: timer interval of 158 milliseconds
